{"ruleId":"TimeDateUpdate","type":"condition","subtype":"cron","details":"time: Tue Apr 09 2019 13:53:41 GMT+0200 (Central European Summer Time), match: true, state: true, flipped: true","level":"info","message":"Cron condition evaluated","timestamp":"2019-04-09 01:53:41"}
{"type":"action","subtype":"script","level":"info","message":"ScriptAction executed","timestamp":"2019-04-09 01:53:41"}
{"type":"action","subtype":"script","level":"info","message":"ScriptAction executed","timestamp":"2019-04-09 01:53:41"}
{"ruleId":"TimeDateUpdate","type":"condition","subtype":"cron","details":"time: Tue Apr 09 2019 13:54:05 GMT+0200 (Central European Summer Time), match: true, state: false, flipped: true","level":"info","message":"Cron condition evaluated","timestamp":"2019-04-09 01:54:05"}
{"ruleId":"TimeDateUpdate","type":"condition","subtype":"cron","details":"time: Tue Apr 09 2019 13:55:05 GMT+0200 (Central European Summer Time), match: true, state: true, flipped: true","level":"info","message":"Cron condition evaluated","timestamp":"2019-04-09 01:55:05"}
{"type":"action","subtype":"script","level":"info","message":"ScriptAction executed","timestamp":"2019-04-09 01:55:05"}
{"type":"action","subtype":"script","level":"info","message":"ScriptAction executed","timestamp":"2019-04-09 01:55:05"}
{"ruleId":"TimeDateUpdate","type":"condition","subtype":"cron","details":"time: 4/9/2019, 1:55:38 PM, match: true, state: true, flipped: true","level":"info","message":"Cron condition evaluated","timestamp":"2019-04-09 01:55:38"}
{"type":"action","subtype":"script","level":"info","message":"ScriptAction executed","timestamp":"2019-04-09 01:55:38"}
{"type":"action","subtype":"script","level":"info","message":"ScriptAction executed","timestamp":"2019-04-09 01:55:38"}
{"ruleId":"TimeDateUpdate","type":"condition","subtype":"cron","details":"time: 4/9/2019, 1:56:04 PM, match: true, state: false, flipped: true","level":"info","message":"Cron condition evaluated","timestamp":"2019-04-09 01:56:04"}
{"ruleId":"TimeDateUpdate","type":"condition","subtype":"cron","details":"match: true, state: true, flipped: true","level":"info","message":"Cron condition evaluated","timestamp":"2019-04-09 01:57:07"}
{"type":"action","subtype":"script","level":"info","message":"ScriptAction executed","timestamp":"2019-04-09 01:57:07"}
{"type":"action","subtype":"script","level":"info","message":"ScriptAction executed","timestamp":"2019-04-09 01:57:07"}
{"ruleId":"TimeDateUpdate","type":"condition","subtype":"cron","details":"match: true, state: false, flipped: true","level":"info","message":"Cron condition evaluated","timestamp":"2019-04-09 01:58:05"}
{"ruleId":"TimeDateUpdate","type":"condition","subtype":"cron","details":"match: true, state: true, flipped: true","level":"info","message":"Cron condition evaluated","timestamp":"2019-04-09 01:59:05"}
{"type":"action","subtype":"script","level":"info","message":"ScriptAction executed","timestamp":"2019-04-09 01:59:05"}
{"type":"action","subtype":"script","level":"info","message":"ScriptAction executed","timestamp":"2019-04-09 01:59:05"}
{"ruleId":"TimeDateUpdate","type":"condition","subtype":"cron","details":"match: true, state: false, flipped: true","level":"info","message":"Cron condition evaluated","timestamp":"2019-04-09 02:00:05"}
{"ruleId":"TimeDateUpdate","type":"condition","subtype":"cron","details":"match: true, state: true, flipped: true","level":"info","message":"Cron condition evaluated","timestamp":"2019-04-09 02:01:05"}
{"type":"action","subtype":"script","level":"info","message":"ScriptAction executed","timestamp":"2019-04-09 02:01:05"}
{"type":"action","subtype":"script","level":"info","message":"ScriptAction executed","timestamp":"2019-04-09 02:01:05"}
{"ruleId":"TimeDateUpdate","type":"condition","subtype":"cron","details":"match: true, state: false, flipped: true","level":"info","message":"Cron condition evaluated","timestamp":"2019-04-09 02:02:05"}
{"ruleId":"TimeDateUpdate","type":"condition","subtype":"cron","details":"match: true, state: true, flipped: true","level":"info","message":"Cron condition evaluated","timestamp":"2019-04-09 02:03:05"}
{"type":"action","subtype":"script","level":"info","message":"ScriptAction executed","timestamp":"2019-04-09 02:03:05"}
{"type":"action","subtype":"script","level":"info","message":"ScriptAction executed","timestamp":"2019-04-09 02:03:05"}
{"ruleId":"TimeDateUpdate","type":"condition","subtype":"cron","details":"match: true, state: false, flipped: true","level":"info","message":"Cron condition evaluated","timestamp":"2019-04-09 02:04:05"}
{"ruleId":"TimeDateUpdate","type":"condition","subtype":"cron","details":"match: true, state: true, flipped: true","level":"info","message":"Cron condition evaluated","timestamp":"2019-04-09 02:05:05"}
{"type":"action","subtype":"script","level":"info","message":"ScriptAction executed","timestamp":"2019-04-09 02:05:05"}
{"type":"action","subtype":"script","level":"info","message":"ScriptAction executed","timestamp":"2019-04-09 02:05:05"}
{"ruleId":"TimeDateUpdate","type":"condition","subtype":"cron","details":"match: true, state: false, flipped: true","level":"info","message":"Cron condition evaluated","timestamp":"2019-04-09 02:06:05"}
{"ruleId":"TimeDateUpdate","type":"condition","subtype":"cron","details":"match: true, state: true, flipped: true","level":"info","message":"Cron condition evaluated","timestamp":"2019-04-09 02:07:05"}
{"type":"action","subtype":"script","level":"info","message":"ScriptAction executed","timestamp":"2019-04-09 02:07:05"}
{"type":"action","subtype":"script","level":"info","message":"ScriptAction executed","timestamp":"2019-04-09 02:07:05"}
{"ruleId":"TimeDateUpdate","type":"condition","subtype":"cron","details":"match: true, state: false, flipped: true","level":"info","message":"Cron condition evaluated","timestamp":"2019-04-09 02:08:05"}
{"ruleId":"TimeDateUpdate","type":"condition","subtype":"cron","details":"match: true, state: true, flipped: true","level":"info","message":"Cron condition evaluated","timestamp":"2019-04-09 02:09:05"}
{"type":"action","subtype":"script","level":"info","message":"ScriptAction executed","timestamp":"2019-04-09 02:09:05"}
{"type":"action","subtype":"script","level":"info","message":"ScriptAction executed","timestamp":"2019-04-09 02:09:05"}
{"ruleId":"TimeDateUpdate","type":"condition","subtype":"cron","details":"match: true, state: false, flipped: true","level":"info","message":"Cron condition evaluated","timestamp":"2019-04-09 02:10:05"}
{"ruleId":"TimeDateUpdate","type":"condition","subtype":"cron","details":"match: true, state: true, flipped: true","level":"info","message":"Cron condition evaluated","timestamp":"2019-04-09 02:11:05"}
{"type":"action","subtype":"script","level":"info","message":"ScriptAction executed","timestamp":"2019-04-09 02:11:05"}
{"type":"action","subtype":"script","level":"info","message":"ScriptAction executed","timestamp":"2019-04-09 02:11:05"}
{"ruleId":"TimeDateUpdate","type":"condition","subtype":"cron","details":"match: true, state: false, flipped: true","level":"info","message":"Cron condition evaluated","timestamp":"2019-04-09 02:12:05"}
{"ruleId":"TimeDateUpdate","type":"condition","subtype":"cron","details":"match: true, state: true, flipped: true","level":"info","message":"Cron condition evaluated","timestamp":"2019-04-09 02:13:05"}
{"type":"action","subtype":"script","level":"info","message":"ScriptAction executed","timestamp":"2019-04-09 02:13:05"}
{"type":"action","subtype":"script","level":"info","message":"ScriptAction executed","timestamp":"2019-04-09 02:13:05"}
{"ruleId":"TimeDateUpdate","type":"condition","subtype":"cron","details":"match: true, state: false, flipped: true","level":"info","message":"Cron condition evaluated","timestamp":"2019-04-09 02:14:05"}
{"ruleId":"TimeDateUpdate","type":"condition","subtype":"cron","details":"match: true, state: true, flipped: true","level":"info","message":"Cron condition evaluated","timestamp":"2019-04-09 02:15:05"}
{"type":"action","subtype":"script","level":"info","message":"ScriptAction executed","timestamp":"2019-04-09 02:15:05"}
{"type":"action","subtype":"script","level":"info","message":"ScriptAction executed","timestamp":"2019-04-09 02:15:05"}
{"ruleId":"TimeDateUpdate","type":"condition","subtype":"cron","details":"match: true, state: false, flipped: true","level":"info","message":"Cron condition evaluated","timestamp":"2019-04-09 02:16:05"}
{"ruleId":"TimeDateUpdate","type":"condition","subtype":"cron","details":"match: true, state: true, flipped: true","level":"info","message":"Cron condition evaluated","timestamp":"2019-04-09 02:17:05"}
{"type":"action","subtype":"script","level":"info","message":"ScriptAction executed","timestamp":"2019-04-09 02:17:05"}
{"type":"action","subtype":"script","level":"info","message":"ScriptAction executed","timestamp":"2019-04-09 02:17:05"}
{"ruleId":"TimeDateUpdate","type":"condition","subtype":"cron","details":"match: true, state: false, flipped: true","level":"info","message":"Cron condition evaluated","timestamp":"2019-04-09 02:18:05"}
{"ruleId":"TimeDateUpdate","type":"condition","subtype":"cron","details":"match: true, state: true, flipped: true","level":"info","message":"Cron condition evaluated","timestamp":"2019-04-09 02:19:05"}
{"type":"action","subtype":"script","level":"info","message":"ScriptAction executed","timestamp":"2019-04-09 02:19:05"}
{"type":"action","subtype":"script","level":"info","message":"ScriptAction executed","timestamp":"2019-04-09 02:19:05"}
{"ruleId":"TimeDateUpdate","type":"condition","subtype":"cron","details":"match: true, state: true, flipped: true","level":"info","message":"Cron condition evaluated","timestamp":"2019-04-09 02:25:00"}
{"type":"action","subtype":"script","level":"info","message":"ScriptAction executed","timestamp":"2019-04-09 02:25:00"}
{"type":"action","subtype":"script","level":"info","message":"ScriptAction executed","timestamp":"2019-04-09 02:25:00"}
{"ruleId":"TimeDateUpdate","type":"condition","subtype":"cron","details":"match: true, state: true, flipped: false","level":"info","message":"Cron condition evaluated","timestamp":"2019-04-09 02:25:04"}
{"type":"action","subtype":"script","level":"info","message":"ScriptAction executed","timestamp":"2019-04-09 02:25:04"}
{"type":"action","subtype":"script","level":"info","message":"ScriptAction executed","timestamp":"2019-04-09 02:25:04"}
{"ruleId":"TimeDateUpdate","type":"condition","subtype":"cron","details":"match: true, state: false, flipped: true","level":"info","message":"Cron condition evaluated","timestamp":"2019-04-09 02:26:04"}
{"ruleId":"TimeDateUpdate","type":"condition","subtype":"cron","details":"match: true, state: true, flipped: true","level":"info","message":"Cron condition evaluated","timestamp":"2019-04-09 02:27:04"}
{"type":"action","subtype":"script","level":"info","message":"ScriptAction executed","timestamp":"2019-04-09 02:27:04"}
{"type":"action","subtype":"script","level":"info","message":"ScriptAction executed","timestamp":"2019-04-09 02:27:04"}
{"ruleId":"TimeDateUpdate","type":"condition","subtype":"cron","details":"match: true, state: false, flipped: true","level":"info","message":"Cron condition evaluated","timestamp":"2019-04-09 02:28:04"}
{"ruleId":"TimeDateUpdate","type":"condition","subtype":"cron","details":"match: true, state: true, flipped: true","level":"info","message":"Cron condition evaluated","timestamp":"2019-04-09 02:29:04"}
{"type":"action","subtype":"script","level":"info","message":"ScriptAction executed","timestamp":"2019-04-09 02:29:04"}
{"type":"action","subtype":"script","level":"info","message":"ScriptAction executed","timestamp":"2019-04-09 02:29:04"}
{"ruleId":"TimeDateUpdate","type":"condition","subtype":"cron","details":"match: true, state: false, flipped: true","level":"info","message":"Cron condition evaluated","timestamp":"2019-04-09 02:30:04"}
{"ruleId":"TimeDateUpdate","type":"condition","subtype":"cron","details":"match: true, state: true, flipped: true","level":"info","message":"Cron condition evaluated","timestamp":"2019-04-09 02:31:04"}
{"type":"action","subtype":"script","level":"info","message":"ScriptAction executed","timestamp":"2019-04-09 02:31:04"}
{"type":"action","subtype":"script","level":"info","message":"ScriptAction executed","timestamp":"2019-04-09 02:31:04"}
{"ruleId":"TimeDateUpdate","type":"condition","subtype":"cron","details":"match: true, state: false, flipped: true","level":"info","message":"Cron condition evaluated","timestamp":"2019-04-09 02:32:04"}
{"ruleId":"TimeDateUpdate","type":"condition","subtype":"cron","details":"match: true, state: true, flipped: true","level":"info","message":"Cron condition evaluated","timestamp":"2019-04-09 02:33:04"}
{"type":"action","subtype":"script","level":"info","message":"ScriptAction executed","timestamp":"2019-04-09 02:33:04"}
{"type":"action","subtype":"script","level":"info","message":"ScriptAction executed","timestamp":"2019-04-09 02:33:04"}
{"ruleId":"TimeDateUpdate","type":"condition","subtype":"cron","details":"match: true, state: false, flipped: true","level":"info","message":"Cron condition evaluated","timestamp":"2019-04-09 02:34:04"}
{"ruleId":"TimeDateUpdate","type":"condition","subtype":"cron","details":"match: true, state: true, flipped: true","level":"info","message":"Cron condition evaluated","timestamp":"2019-04-09 02:35:04"}
{"type":"action","subtype":"script","level":"info","message":"ScriptAction executed","timestamp":"2019-04-09 02:35:04"}
{"type":"action","subtype":"script","level":"info","message":"ScriptAction executed","timestamp":"2019-04-09 02:35:04"}
{"ruleId":"TimeDateUpdate","type":"condition","subtype":"cron","details":"match: true, state: false, flipped: true","level":"info","message":"Cron condition evaluated","timestamp":"2019-04-09 02:36:04"}
{"ruleId":"TimeDateUpdate","type":"condition","subtype":"cron","details":"match: true, state: true, flipped: true","level":"info","message":"Cron condition evaluated","timestamp":"2019-04-09 02:37:04"}
{"type":"action","subtype":"script","level":"info","message":"ScriptAction executed","timestamp":"2019-04-09 02:37:04"}
{"type":"action","subtype":"script","level":"info","message":"ScriptAction executed","timestamp":"2019-04-09 02:37:04"}
{"ruleId":"TimeDateUpdate","type":"condition","subtype":"cron","details":"match: true, state: false, flipped: true","level":"info","message":"Cron condition evaluated","timestamp":"2019-04-09 02:38:04"}
{"ruleId":"TimeDateUpdate","type":"condition","subtype":"cron","details":"match: true, state: true, flipped: true","level":"info","message":"Cron condition evaluated","timestamp":"2019-04-09 02:39:04"}
{"type":"action","subtype":"script","level":"info","message":"ScriptAction executed","timestamp":"2019-04-09 02:39:04"}
{"type":"action","subtype":"script","level":"info","message":"ScriptAction executed","timestamp":"2019-04-09 02:39:04"}
{"ruleId":"TimeDateUpdate","type":"condition","subtype":"cron","details":"match: true, state: false, flipped: true","level":"info","message":"Cron condition evaluated","timestamp":"2019-04-09 02:40:04"}
{"ruleId":"TimeDateUpdate","type":"condition","subtype":"cron","details":"match: true, state: true, flipped: true","level":"info","message":"Cron condition evaluated","timestamp":"2019-04-09 02:41:04"}
{"type":"action","subtype":"script","level":"info","message":"ScriptAction executed","timestamp":"2019-04-09 02:41:04"}
{"type":"action","subtype":"script","level":"info","message":"ScriptAction executed","timestamp":"2019-04-09 02:41:04"}
{"ruleId":"TimeDateUpdate","type":"condition","subtype":"cron","details":"match: true, state: false, flipped: true","level":"info","message":"Cron condition evaluated","timestamp":"2019-04-09 02:42:04"}
{"ruleId":"TimeDateUpdate","type":"condition","subtype":"cron","details":"match: true, state: true, flipped: true","level":"info","message":"Cron condition evaluated","timestamp":"2019-04-09 02:43:04"}
{"type":"action","subtype":"script","level":"info","message":"ScriptAction executed","timestamp":"2019-04-09 02:43:04"}
{"type":"action","subtype":"script","level":"info","message":"ScriptAction executed","timestamp":"2019-04-09 02:43:04"}
{"ruleId":"TimeDateUpdate","type":"condition","subtype":"cron","details":"match: true, state: false, flipped: true","level":"info","message":"Cron condition evaluated","timestamp":"2019-04-09 02:44:04"}
{"ruleId":"TimeDateUpdate","type":"condition","subtype":"cron","details":"match: true, state: true, flipped: true","level":"info","message":"Cron condition evaluated","timestamp":"2019-04-09 02:45:04"}
{"type":"action","subtype":"script","level":"info","message":"ScriptAction executed","timestamp":"2019-04-09 02:45:04"}
{"type":"action","subtype":"script","level":"info","message":"ScriptAction executed","timestamp":"2019-04-09 02:45:04"}
{"ruleId":"TimeDateUpdate","type":"condition","subtype":"cron","details":"match: true, state: false, flipped: true","level":"info","message":"Cron condition evaluated","timestamp":"2019-04-09 02:46:04"}
{"ruleId":"TimeDateUpdate","type":"condition","subtype":"cron","details":"match: true, state: true, flipped: true","level":"info","message":"Cron condition evaluated","timestamp":"2019-04-09 02:47:04"}
{"type":"action","subtype":"script","level":"info","message":"ScriptAction executed","timestamp":"2019-04-09 02:47:04"}
{"type":"action","subtype":"script","level":"info","message":"ScriptAction executed","timestamp":"2019-04-09 02:47:04"}
{"ruleId":"TimeDateUpdate","type":"condition","subtype":"cron","details":"match: true, state: false, flipped: true","level":"info","message":"Cron condition evaluated","timestamp":"2019-04-09 02:48:04"}
{"ruleId":"TimeDateUpdate","type":"condition","subtype":"cron","details":"match: true, state: true, flipped: true","level":"info","message":"Cron condition evaluated","timestamp":"2019-04-09 02:49:04"}
{"type":"action","subtype":"script","level":"info","message":"ScriptAction executed","timestamp":"2019-04-09 02:49:04"}
{"type":"action","subtype":"script","level":"info","message":"ScriptAction executed","timestamp":"2019-04-09 02:49:04"}
{"ruleId":"TimeDateUpdate","type":"condition","subtype":"cron","details":"match: true, state: false, flipped: true","level":"info","message":"Cron condition evaluated","timestamp":"2019-04-09 02:50:04"}
{"ruleId":"TimeDateUpdate","type":"condition","subtype":"cron","details":"match: true, state: true, flipped: true","level":"info","message":"Cron condition evaluated","timestamp":"2019-04-09 02:51:04"}
{"type":"action","subtype":"script","level":"info","message":"ScriptAction executed","timestamp":"2019-04-09 02:51:04"}
{"type":"action","subtype":"script","level":"info","message":"ScriptAction executed","timestamp":"2019-04-09 02:51:04"}
{"ruleId":"TimeDateUpdate","type":"condition","subtype":"cron","details":"match: true, state: false, flipped: true","level":"info","message":"Cron condition evaluated","timestamp":"2019-04-09 02:52:04"}
{"ruleId":"TimeDateUpdate","type":"condition","subtype":"cron","details":"match: true, state: true, flipped: true","level":"info","message":"Cron condition evaluated","timestamp":"2019-04-09 02:53:04"}
{"type":"action","subtype":"script","level":"info","message":"ScriptAction executed","timestamp":"2019-04-09 02:53:04"}
{"type":"action","subtype":"script","level":"info","message":"ScriptAction executed","timestamp":"2019-04-09 02:53:04"}
{"ruleId":"TimeDateUpdate","type":"condition","subtype":"cron","details":"match: true, state: false, flipped: true","level":"info","message":"Cron condition evaluated","timestamp":"2019-04-09 02:54:04"}
{"ruleId":"TimeDateUpdate","type":"condition","subtype":"cron","details":"match: true, state: true, flipped: true","level":"info","message":"Cron condition evaluated","timestamp":"2019-04-09 02:55:04"}
{"type":"action","subtype":"script","level":"info","message":"ScriptAction executed","timestamp":"2019-04-09 02:55:04"}
{"type":"action","subtype":"script","level":"info","message":"ScriptAction executed","timestamp":"2019-04-09 02:55:04"}
{"ruleId":"TimeDateUpdate","type":"condition","subtype":"cron","details":"match: true, state: false, flipped: true","level":"info","message":"Cron condition evaluated","timestamp":"2019-04-09 02:56:04"}
{"ruleId":"TimeDateUpdate","type":"condition","subtype":"cron","details":"match: true, state: true, flipped: true","level":"info","message":"Cron condition evaluated","timestamp":"2019-04-09 02:57:04"}
{"type":"action","subtype":"script","level":"info","message":"ScriptAction executed","timestamp":"2019-04-09 02:57:04"}
{"type":"action","subtype":"script","level":"info","message":"ScriptAction executed","timestamp":"2019-04-09 02:57:04"}
{"ruleId":"TimeDateUpdate","type":"condition","subtype":"cron","details":"match: true, state: false, flipped: true","level":"info","message":"Cron condition evaluated","timestamp":"2019-04-09 02:58:05"}
{"ruleId":"TimeDateUpdate","type":"condition","subtype":"cron","details":"match: true, state: true, flipped: true","level":"info","message":"Cron condition evaluated","timestamp":"2019-04-09 02:59:05"}
{"type":"action","subtype":"script","level":"info","message":"ScriptAction executed","timestamp":"2019-04-09 02:59:05"}
{"type":"action","subtype":"script","level":"info","message":"ScriptAction executed","timestamp":"2019-04-09 02:59:05"}
{"ruleId":"TimeDateUpdate","type":"condition","subtype":"cron","details":"match: true, state: false, flipped: true","level":"info","message":"Cron condition evaluated","timestamp":"2019-04-09 03:00:05"}
{"ruleId":"TimeDateUpdate","type":"condition","subtype":"cron","details":"match: true, state: true, flipped: true","level":"info","message":"Cron condition evaluated","timestamp":"2019-04-09 03:01:05"}
{"type":"action","subtype":"script","level":"info","message":"ScriptAction executed","timestamp":"2019-04-09 03:01:05"}
{"type":"action","subtype":"script","level":"info","message":"ScriptAction executed","timestamp":"2019-04-09 03:01:05"}
{"ruleId":"TimeDateUpdate","type":"condition","subtype":"cron","details":"match: true, state: false, flipped: true","level":"info","message":"Cron condition evaluated","timestamp":"2019-04-09 03:02:05"}
{"ruleId":"TimeDateUpdate","type":"condition","subtype":"cron","details":"match: true, state: true, flipped: true","level":"info","message":"Cron condition evaluated","timestamp":"2019-04-09 03:03:05"}
{"type":"action","subtype":"script","level":"info","message":"ScriptAction executed","timestamp":"2019-04-09 03:03:05"}
{"type":"action","subtype":"script","level":"info","message":"ScriptAction executed","timestamp":"2019-04-09 03:03:05"}
{"ruleId":"TimeDateUpdate","type":"condition","subtype":"cron","details":"match: true, state: false, flipped: true","level":"info","message":"Cron condition evaluated","timestamp":"2019-04-09 03:04:05"}
{"ruleId":"TimeDateUpdate","type":"condition","subtype":"cron","details":"match: true, state: true, flipped: true","level":"info","message":"Cron condition evaluated","timestamp":"2019-04-09 03:05:05"}
{"type":"action","subtype":"script","level":"info","message":"ScriptAction executed","timestamp":"2019-04-09 03:05:05"}
{"type":"action","subtype":"script","level":"info","message":"ScriptAction executed","timestamp":"2019-04-09 03:05:05"}
{"ruleId":"TimeDateUpdate","type":"condition","subtype":"cron","details":"match: true, state: false, flipped: true","level":"info","message":"Cron condition evaluated","timestamp":"2019-04-09 03:06:05"}
{"ruleId":"TimeDateUpdate","type":"condition","subtype":"cron","details":"match: true, state: true, flipped: true","level":"info","message":"Cron condition evaluated","timestamp":"2019-04-09 03:07:05"}
{"type":"action","subtype":"script","level":"info","message":"ScriptAction executed","timestamp":"2019-04-09 03:07:05"}
{"type":"action","subtype":"script","level":"info","message":"ScriptAction executed","timestamp":"2019-04-09 03:07:05"}
{"ruleId":"TimeDateUpdate","type":"condition","subtype":"cron","details":"match: true, state: false, flipped: true","level":"info","message":"Cron condition evaluated","timestamp":"2019-04-09 03:08:05"}
{"ruleId":"TimeDateUpdate","type":"condition","subtype":"cron","details":"match: true, state: true, flipped: true","level":"info","message":"Cron condition evaluated","timestamp":"2019-04-09 03:09:05"}
{"type":"action","subtype":"script","level":"info","message":"ScriptAction executed","timestamp":"2019-04-09 03:09:05"}
{"type":"action","subtype":"script","level":"info","message":"ScriptAction executed","timestamp":"2019-04-09 03:09:05"}
{"ruleId":"TimeDateUpdate","type":"condition","subtype":"cron","details":"match: true, state: false, flipped: true","level":"info","message":"Cron condition evaluated","timestamp":"2019-04-09 03:10:05"}
{"ruleId":"TimeDateUpdate","type":"condition","subtype":"cron","details":"match: true, state: true, flipped: true","level":"info","message":"Cron condition evaluated","timestamp":"2019-04-09 03:11:05"}
{"type":"action","subtype":"script","level":"info","message":"ScriptAction executed","timestamp":"2019-04-09 03:11:05"}
{"type":"action","subtype":"script","level":"info","message":"ScriptAction executed","timestamp":"2019-04-09 03:11:05"}
{"ruleId":"TimeDateUpdate","type":"condition","subtype":"cron","details":"match: true, state: false, flipped: true","level":"info","message":"Cron condition evaluated","timestamp":"2019-04-09 03:12:05"}
{"ruleId":"TimeDateUpdate","type":"condition","subtype":"cron","details":"match: true, state: true, flipped: true","level":"info","message":"Cron condition evaluated","timestamp":"2019-04-09 03:13:05"}
{"type":"action","subtype":"script","level":"info","message":"ScriptAction executed","timestamp":"2019-04-09 03:13:05"}
{"type":"action","subtype":"script","level":"info","message":"ScriptAction executed","timestamp":"2019-04-09 03:13:05"}
{"ruleId":"TimeDateUpdate","type":"condition","subtype":"cron","details":"match: true, state: false, flipped: true","level":"info","message":"Cron condition evaluated","timestamp":"2019-04-09 03:14:05"}
{"ruleId":"TimeDateUpdate","type":"condition","subtype":"cron","details":"match: true, state: true, flipped: true","level":"info","message":"Cron condition evaluated","timestamp":"2019-04-09 03:15:05"}
{"type":"action","subtype":"script","level":"info","message":"ScriptAction executed","timestamp":"2019-04-09 03:15:05"}
{"type":"action","subtype":"script","level":"info","message":"ScriptAction executed","timestamp":"2019-04-09 03:15:05"}
{"ruleId":"TimeDateUpdate","type":"condition","subtype":"cron","details":"match: true, state: false, flipped: true","level":"info","message":"Cron condition evaluated","timestamp":"2019-04-09 03:16:05"}
{"ruleId":"TimeDateUpdate","type":"condition","subtype":"cron","details":"match: true, state: true, flipped: true","level":"info","message":"Cron condition evaluated","timestamp":"2019-04-09 03:17:05"}
{"type":"action","subtype":"script","level":"info","message":"ScriptAction executed","timestamp":"2019-04-09 03:17:05"}
{"type":"action","subtype":"script","level":"info","message":"ScriptAction executed","timestamp":"2019-04-09 03:17:05"}
{"ruleId":"TimeDateUpdate","type":"condition","subtype":"cron","details":"match: true, state: false, flipped: true","level":"info","message":"Cron condition evaluated","timestamp":"2019-04-09 03:18:05"}
{"ruleId":"TimeDateUpdate","type":"condition","subtype":"cron","details":"match: true, state: true, flipped: true","level":"info","message":"Cron condition evaluated","timestamp":"2019-04-09 03:19:05"}
{"type":"action","subtype":"script","level":"info","message":"ScriptAction executed","timestamp":"2019-04-09 03:19:05"}
{"type":"action","subtype":"script","level":"info","message":"ScriptAction executed","timestamp":"2019-04-09 03:19:05"}
{"ruleId":"TimeDateUpdate","type":"condition","subtype":"cron","details":"match: true, state: false, flipped: true","level":"info","message":"Cron condition evaluated","timestamp":"2019-04-09 03:20:05"}
{"ruleId":"TimeDateUpdate","type":"condition","subtype":"cron","details":"match: true, state: true, flipped: true","level":"info","message":"Cron condition evaluated","timestamp":"2019-04-09 03:21:05"}
{"type":"action","subtype":"script","level":"info","message":"ScriptAction executed","timestamp":"2019-04-09 03:21:05"}
{"type":"action","subtype":"script","level":"info","message":"ScriptAction executed","timestamp":"2019-04-09 03:21:05"}
{"ruleId":"TimeDateUpdate","type":"condition","subtype":"cron","details":"match: true, state: false, flipped: true","level":"info","message":"Cron condition evaluated","timestamp":"2019-04-09 03:22:05"}
{"ruleId":"TimeDateUpdate","type":"condition","subtype":"cron","details":"match: true, state: true, flipped: true","level":"info","message":"Cron condition evaluated","timestamp":"2019-04-09 03:23:05"}
{"type":"action","subtype":"script","level":"info","message":"ScriptAction executed","timestamp":"2019-04-09 03:23:05"}
{"type":"action","subtype":"script","level":"info","message":"ScriptAction executed","timestamp":"2019-04-09 03:23:05"}
{"ruleId":"TimeDateUpdate","type":"condition","subtype":"cron","details":"match: true, state: false, flipped: true","level":"info","message":"Cron condition evaluated","timestamp":"2019-04-09 03:24:05"}
{"ruleId":"TimeDateUpdate","type":"condition","subtype":"cron","details":"match: true, state: true, flipped: true","level":"info","message":"Cron condition evaluated","timestamp":"2019-04-09 03:25:05"}
{"type":"action","subtype":"script","level":"info","message":"ScriptAction executed","timestamp":"2019-04-09 03:25:05"}
{"type":"action","subtype":"script","level":"info","message":"ScriptAction executed","timestamp":"2019-04-09 03:25:05"}
{"ruleId":"TimeDateUpdate","type":"condition","subtype":"cron","details":"match: true, state: false, flipped: true","level":"info","message":"Cron condition evaluated","timestamp":"2019-04-09 03:26:05"}
{"ruleId":"TimeDateUpdate","type":"condition","subtype":"cron","details":"match: true, state: true, flipped: true","level":"info","message":"Cron condition evaluated","timestamp":"2019-04-09 03:27:05"}
{"type":"action","subtype":"script","level":"info","message":"ScriptAction executed","timestamp":"2019-04-09 03:27:05"}
{"type":"action","subtype":"script","level":"info","message":"ScriptAction executed","timestamp":"2019-04-09 03:27:05"}
{"ruleId":"TimeDateUpdate","type":"condition","subtype":"cron","details":"match: true, state: true, flipped: true","level":"info","message":"Cron condition evaluated","timestamp":"2019-04-09 03:27:31"}
{"type":"action","subtype":"script","level":"info","message":"ScriptAction executed","timestamp":"2019-04-09 03:27:31"}
{"type":"action","subtype":"script","level":"info","message":"ScriptAction executed","timestamp":"2019-04-09 03:27:31"}
{"ruleId":"TimeDateUpdate","type":"condition","subtype":"cron","details":"match: true, state: false, flipped: true","level":"info","message":"Cron condition evaluated","timestamp":"2019-04-09 03:28:04"}
{"ruleId":"TimeDateUpdate","type":"condition","subtype":"cron","details":"match: true, state: true, flipped: true","level":"info","message":"Cron condition evaluated","timestamp":"2019-04-09 03:29:04"}
{"type":"action","subtype":"script","level":"info","message":"ScriptAction executed","timestamp":"2019-04-09 03:29:04"}
{"type":"action","subtype":"script","level":"info","message":"ScriptAction executed","timestamp":"2019-04-09 03:29:04"}
{"ruleId":"TimeDateUpdate","type":"condition","subtype":"cron","details":"match: true, state: false, flipped: true","level":"info","message":"Cron condition evaluated","timestamp":"2019-04-09 03:52:09"}
{"ruleId":"TimeDateUpdate","type":"condition","subtype":"cron","details":"match: true, state: false, flipped: true","level":"info","message":"Cron condition evaluated","timestamp":"2019-04-09 06:10:31"}
{"ruleId":"TimeDateUpdate","type":"condition","subtype":"cron","details":"match: true, state: false, flipped: true","level":"info","message":"Cron condition evaluated","timestamp":"2019-04-09 06:10:47"}
